<?xml version="1.0" encoding="UTF-8"?>
<testsuite name="com.example.androidautomatedtesting.CounterTest" tests="6" skipped="0" failures="0" errors="0" timestamp="2024-10-24T01:18:37" hostname="DESKTOP-UD89CBE" time="0.003">
  <properties/>
  <testcase name="testMultipleIncrements" classname="com.example.androidautomatedtesting.CounterTest" time="0.002"/>
  <testcase name="testMultipleDecrements" classname="com.example.androidautomatedtesting.CounterTest" time="0.0"/>
  <testcase name="testIncrement" classname="com.example.androidautomatedtesting.CounterTest" time="0.0"/>
  <testcase name="testDecrement" classname="com.example.androidautomatedtesting.CounterTest" time="0.0"/>
  <testcase name="testInitialCounterValue" classname="com.example.androidautomatedtesting.CounterTest" time="0.0"/>
  <testcase name="testDecrementAfterInitialValue" classname="com.example.androidautomatedtesting.CounterTest" time="0.0"/>
  <system-out><![CDATA[]]></system-out>
  <system-err><![CDATA[]]></system-err>
</testsuite>
