<?xml version="1.0" encoding="UTF-8"?>
<testsuite name="com.example.androidautomatedtesting.ExampleUnitTest" tests="1" skipped="0" failures="0" errors="0" timestamp="2024-10-24T01:06:39" hostname="DESKTOP-UD89CBE" time="0.0">
  <properties/>
  <testcase name="addition_isCorrect" classname="com.example.androidautomatedtesting.ExampleUnitTest" time="0.0"/>
  <system-out><![CDATA[]]></system-out>
  <system-err><![CDATA[]]></system-err>
</testsuite>
